CRITICAL - 2023-01-17 04:29:48 --> Trying to access array offset on value of type null
in APPPATH\Views\books\detail.php on line 9.
 1 APPPATH\Views\books\detail.php(9): CodeIgniter\Debug\Exceptions->errorHandler(8, 'Trying to access array offset on value of type null', 'APPPATH\\Views\\books\\detail.php', 9, [...])
 2 SYSTEMPATH\View\View.php(213): include('APPPATH\\Views\\books\\detail.php')
 3 SYSTEMPATH\View\View.php(216): CodeIgniter\View\View->CodeIgniter\View\{closure}()
 4 SYSTEMPATH\Common.php(1177): CodeIgniter\View\View->render('books/detail', [], true)
 5 APPPATH\Controllers\Books.php(45): view('books/detail', [...])
 6 SYSTEMPATH\CodeIgniter.php(934): App\Controllers\Books->detail('create')
 7 SYSTEMPATH\CodeIgniter.php(499): CodeIgniter\CodeIgniter->runController(Object(App\Controllers\Books))
 8 SYSTEMPATH\CodeIgniter.php(368): CodeIgniter\CodeIgniter->handleRequest(null, Object(Config\Cache), false)
 9 FCPATH\index.php(67): CodeIgniter\CodeIgniter->run()
10 SYSTEMPATH\Commands\Server\rewrite.php(47): require_once('FCPATH\\index.php')
CRITICAL - 2023-01-17 04:36:39 --> Trying to access array offset on value of type null
in APPPATH\Views\books\detail.php on line 9.
 1 APPPATH\Views\books\detail.php(9): CodeIgniter\Debug\Exceptions->errorHandler(8, 'Trying to access array offset on value of type null', 'APPPATH\\Views\\books\\detail.php', 9, [...])
 2 SYSTEMPATH\View\View.php(213): include('APPPATH\\Views\\books\\detail.php')
 3 SYSTEMPATH\View\View.php(216): CodeIgniter\View\View->CodeIgniter\View\{closure}()
 4 SYSTEMPATH\Common.php(1177): CodeIgniter\View\View->render('books/detail', [], true)
 5 APPPATH\Controllers\Books.php(45): view('books/detail', [...])
 6 SYSTEMPATH\CodeIgniter.php(934): App\Controllers\Books->detail('create')
 7 SYSTEMPATH\CodeIgniter.php(499): CodeIgniter\CodeIgniter->runController(Object(App\Controllers\Books))
 8 SYSTEMPATH\CodeIgniter.php(368): CodeIgniter\CodeIgniter->handleRequest(null, Object(Config\Cache), false)
 9 FCPATH\index.php(67): CodeIgniter\CodeIgniter->run()
10 SYSTEMPATH\Commands\Server\rewrite.php(47): require_once('FCPATH\\index.php')
CRITICAL - 2023-01-17 04:37:16 --> Trying to access array offset on value of type null
in APPPATH\Views\books\detail.php on line 9.
 1 APPPATH\Views\books\detail.php(9): CodeIgniter\Debug\Exceptions->errorHandler(8, 'Trying to access array offset on value of type null', 'APPPATH\\Views\\books\\detail.php', 9, [...])
 2 SYSTEMPATH\View\View.php(213): include('APPPATH\\Views\\books\\detail.php')
 3 SYSTEMPATH\View\View.php(216): CodeIgniter\View\View->CodeIgniter\View\{closure}()
 4 SYSTEMPATH\Common.php(1177): CodeIgniter\View\View->render('books/detail', [], true)
 5 APPPATH\Controllers\Books.php(45): view('books/detail', [...])
 6 SYSTEMPATH\CodeIgniter.php(934): App\Controllers\Books->detail('create')
 7 SYSTEMPATH\CodeIgniter.php(499): CodeIgniter\CodeIgniter->runController(Object(App\Controllers\Books))
 8 SYSTEMPATH\CodeIgniter.php(368): CodeIgniter\CodeIgniter->handleRequest(null, Object(Config\Cache), false)
 9 FCPATH\index.php(67): CodeIgniter\CodeIgniter->run()
10 SYSTEMPATH\Commands\Server\rewrite.php(47): require_once('FCPATH\\index.php')
CRITICAL - 2023-01-17 04:37:47 --> Trying to access array offset on value of type null
in APPPATH\Views\books\detail.php on line 9.
 1 APPPATH\Views\books\detail.php(9): CodeIgniter\Debug\Exceptions->errorHandler(8, 'Trying to access array offset on value of type null', 'APPPATH\\Views\\books\\detail.php', 9, [...])
 2 SYSTEMPATH\View\View.php(213): include('APPPATH\\Views\\books\\detail.php')
 3 SYSTEMPATH\View\View.php(216): CodeIgniter\View\View->CodeIgniter\View\{closure}()
 4 SYSTEMPATH\Common.php(1177): CodeIgniter\View\View->render('books/detail', [], true)
 5 APPPATH\Controllers\Books.php(45): view('books/detail', [...])
 6 SYSTEMPATH\CodeIgniter.php(934): App\Controllers\Books->detail('create')
 7 SYSTEMPATH\CodeIgniter.php(499): CodeIgniter\CodeIgniter->runController(Object(App\Controllers\Books))
 8 SYSTEMPATH\CodeIgniter.php(368): CodeIgniter\CodeIgniter->handleRequest(null, Object(Config\Cache), false)
 9 FCPATH\index.php(67): CodeIgniter\CodeIgniter->run()
10 SYSTEMPATH\Commands\Server\rewrite.php(47): require_once('FCPATH\\index.php')
CRITICAL - 2023-01-17 04:37:57 --> Trying to access array offset on value of type null
in APPPATH\Views\books\detail.php on line 9.
 1 APPPATH\Views\books\detail.php(9): CodeIgniter\Debug\Exceptions->errorHandler(8, 'Trying to access array offset on value of type null', 'APPPATH\\Views\\books\\detail.php', 9, [...])
 2 SYSTEMPATH\View\View.php(213): include('APPPATH\\Views\\books\\detail.php')
 3 SYSTEMPATH\View\View.php(216): CodeIgniter\View\View->CodeIgniter\View\{closure}()
 4 SYSTEMPATH\Common.php(1177): CodeIgniter\View\View->render('books/detail', [], true)
 5 APPPATH\Controllers\Books.php(45): view('books/detail', [...])
 6 SYSTEMPATH\CodeIgniter.php(934): App\Controllers\Books->detail('create')
 7 SYSTEMPATH\CodeIgniter.php(499): CodeIgniter\CodeIgniter->runController(Object(App\Controllers\Books))
 8 SYSTEMPATH\CodeIgniter.php(368): CodeIgniter\CodeIgniter->handleRequest(null, Object(Config\Cache), false)
 9 FCPATH\index.php(67): CodeIgniter\CodeIgniter->run()
10 SYSTEMPATH\Commands\Server\rewrite.php(47): require_once('FCPATH\\index.php')
CRITICAL - 2023-01-17 04:38:07 --> Trying to access array offset on value of type null
in APPPATH\Views\books\detail.php on line 9.
 1 APPPATH\Views\books\detail.php(9): CodeIgniter\Debug\Exceptions->errorHandler(8, 'Trying to access array offset on value of type null', 'APPPATH\\Views\\books\\detail.php', 9, [...])
 2 SYSTEMPATH\View\View.php(213): include('APPPATH\\Views\\books\\detail.php')
 3 SYSTEMPATH\View\View.php(216): CodeIgniter\View\View->CodeIgniter\View\{closure}()
 4 SYSTEMPATH\Common.php(1177): CodeIgniter\View\View->render('books/detail', [], true)
 5 APPPATH\Controllers\Books.php(45): view('books/detail', [...])
 6 SYSTEMPATH\CodeIgniter.php(934): App\Controllers\Books->detail('create')
 7 SYSTEMPATH\CodeIgniter.php(499): CodeIgniter\CodeIgniter->runController(Object(App\Controllers\Books))
 8 SYSTEMPATH\CodeIgniter.php(368): CodeIgniter\CodeIgniter->handleRequest(null, Object(Config\Cache), false)
 9 FCPATH\index.php(67): CodeIgniter\CodeIgniter->run()
10 SYSTEMPATH\Commands\Server\rewrite.php(47): require_once('FCPATH\\index.php')
CRITICAL - 2023-01-17 04:38:28 --> Trying to access array offset on value of type null
in APPPATH\Views\books\detail.php on line 9.
 1 APPPATH\Views\books\detail.php(9): CodeIgniter\Debug\Exceptions->errorHandler(8, 'Trying to access array offset on value of type null', 'APPPATH\\Views\\books\\detail.php', 9, [...])
 2 SYSTEMPATH\View\View.php(213): include('APPPATH\\Views\\books\\detail.php')
 3 SYSTEMPATH\View\View.php(216): CodeIgniter\View\View->CodeIgniter\View\{closure}()
 4 SYSTEMPATH\Common.php(1177): CodeIgniter\View\View->render('books/detail', [], true)
 5 APPPATH\Controllers\Books.php(45): view('books/detail', [...])
 6 SYSTEMPATH\CodeIgniter.php(934): App\Controllers\Books->detail('create')
 7 SYSTEMPATH\CodeIgniter.php(499): CodeIgniter\CodeIgniter->runController(Object(App\Controllers\Books))
 8 SYSTEMPATH\CodeIgniter.php(368): CodeIgniter\CodeIgniter->handleRequest(null, Object(Config\Cache), false)
 9 FCPATH\index.php(67): CodeIgniter\CodeIgniter->run()
10 SYSTEMPATH\Commands\Server\rewrite.php(47): require_once('FCPATH\\index.php')
CRITICAL - 2023-01-17 04:39:16 --> Trying to access array offset on value of type null
in APPPATH\Views\books\detail.php on line 9.
 1 APPPATH\Views\books\detail.php(9): CodeIgniter\Debug\Exceptions->errorHandler(8, 'Trying to access array offset on value of type null', 'APPPATH\\Views\\books\\detail.php', 9, [...])
 2 SYSTEMPATH\View\View.php(213): include('APPPATH\\Views\\books\\detail.php')
 3 SYSTEMPATH\View\View.php(216): CodeIgniter\View\View->CodeIgniter\View\{closure}()
 4 SYSTEMPATH\Common.php(1177): CodeIgniter\View\View->render('books/detail', [], true)
 5 APPPATH\Controllers\Books.php(45): view('books/detail', [...])
 6 SYSTEMPATH\CodeIgniter.php(934): App\Controllers\Books->detail('create')
 7 SYSTEMPATH\CodeIgniter.php(499): CodeIgniter\CodeIgniter->runController(Object(App\Controllers\Books))
 8 SYSTEMPATH\CodeIgniter.php(368): CodeIgniter\CodeIgniter->handleRequest(null, Object(Config\Cache), false)
 9 FCPATH\index.php(67): CodeIgniter\CodeIgniter->run()
10 SYSTEMPATH\Commands\Server\rewrite.php(47): require_once('FCPATH\\index.php')
CRITICAL - 2023-01-17 04:40:11 --> Trying to access array offset on value of type null
in APPPATH\Views\books\detail.php on line 9.
 1 APPPATH\Views\books\detail.php(9): CodeIgniter\Debug\Exceptions->errorHandler(8, 'Trying to access array offset on value of type null', 'APPPATH\\Views\\books\\detail.php', 9, [...])
 2 SYSTEMPATH\View\View.php(213): include('APPPATH\\Views\\books\\detail.php')
 3 SYSTEMPATH\View\View.php(216): CodeIgniter\View\View->CodeIgniter\View\{closure}()
 4 SYSTEMPATH\Common.php(1177): CodeIgniter\View\View->render('books/detail', [], true)
 5 APPPATH\Controllers\Books.php(45): view('books/detail', [...])
 6 SYSTEMPATH\CodeIgniter.php(934): App\Controllers\Books->detail('create')
 7 SYSTEMPATH\CodeIgniter.php(499): CodeIgniter\CodeIgniter->runController(Object(App\Controllers\Books))
 8 SYSTEMPATH\CodeIgniter.php(368): CodeIgniter\CodeIgniter->handleRequest(null, Object(Config\Cache), false)
 9 FCPATH\index.php(67): CodeIgniter\CodeIgniter->run()
10 SYSTEMPATH\Commands\Server\rewrite.php(47): require_once('FCPATH\\index.php')
CRITICAL - 2023-01-17 04:40:12 --> Trying to access array offset on value of type null
in APPPATH\Views\books\detail.php on line 9.
 1 APPPATH\Views\books\detail.php(9): CodeIgniter\Debug\Exceptions->errorHandler(8, 'Trying to access array offset on value of type null', 'APPPATH\\Views\\books\\detail.php', 9, [...])
 2 SYSTEMPATH\View\View.php(213): include('APPPATH\\Views\\books\\detail.php')
 3 SYSTEMPATH\View\View.php(216): CodeIgniter\View\View->CodeIgniter\View\{closure}()
 4 SYSTEMPATH\Common.php(1177): CodeIgniter\View\View->render('books/detail', [], true)
 5 APPPATH\Controllers\Books.php(45): view('books/detail', [...])
 6 SYSTEMPATH\CodeIgniter.php(934): App\Controllers\Books->detail('create')
 7 SYSTEMPATH\CodeIgniter.php(499): CodeIgniter\CodeIgniter->runController(Object(App\Controllers\Books))
 8 SYSTEMPATH\CodeIgniter.php(368): CodeIgniter\CodeIgniter->handleRequest(null, Object(Config\Cache), false)
 9 FCPATH\index.php(67): CodeIgniter\CodeIgniter->run()
10 SYSTEMPATH\Commands\Server\rewrite.php(47): require_once('FCPATH\\index.php')
CRITICAL - 2023-01-17 04:40:12 --> Trying to access array offset on value of type null
in APPPATH\Views\books\detail.php on line 9.
 1 APPPATH\Views\books\detail.php(9): CodeIgniter\Debug\Exceptions->errorHandler(8, 'Trying to access array offset on value of type null', 'APPPATH\\Views\\books\\detail.php', 9, [...])
 2 SYSTEMPATH\View\View.php(213): include('APPPATH\\Views\\books\\detail.php')
 3 SYSTEMPATH\View\View.php(216): CodeIgniter\View\View->CodeIgniter\View\{closure}()
 4 SYSTEMPATH\Common.php(1177): CodeIgniter\View\View->render('books/detail', [], true)
 5 APPPATH\Controllers\Books.php(45): view('books/detail', [...])
 6 SYSTEMPATH\CodeIgniter.php(934): App\Controllers\Books->detail('create')
 7 SYSTEMPATH\CodeIgniter.php(499): CodeIgniter\CodeIgniter->runController(Object(App\Controllers\Books))
 8 SYSTEMPATH\CodeIgniter.php(368): CodeIgniter\CodeIgniter->handleRequest(null, Object(Config\Cache), false)
 9 FCPATH\index.php(67): CodeIgniter\CodeIgniter->run()
10 SYSTEMPATH\Commands\Server\rewrite.php(47): require_once('FCPATH\\index.php')
CRITICAL - 2023-01-17 04:40:14 --> Trying to access array offset on value of type null
in APPPATH\Views\books\detail.php on line 9.
 1 APPPATH\Views\books\detail.php(9): CodeIgniter\Debug\Exceptions->errorHandler(8, 'Trying to access array offset on value of type null', 'APPPATH\\Views\\books\\detail.php', 9, [...])
 2 SYSTEMPATH\View\View.php(213): include('APPPATH\\Views\\books\\detail.php')
 3 SYSTEMPATH\View\View.php(216): CodeIgniter\View\View->CodeIgniter\View\{closure}()
 4 SYSTEMPATH\Common.php(1177): CodeIgniter\View\View->render('books/detail', [], true)
 5 APPPATH\Controllers\Books.php(45): view('books/detail', [...])
 6 SYSTEMPATH\CodeIgniter.php(934): App\Controllers\Books->detail('create')
 7 SYSTEMPATH\CodeIgniter.php(499): CodeIgniter\CodeIgniter->runController(Object(App\Controllers\Books))
 8 SYSTEMPATH\CodeIgniter.php(368): CodeIgniter\CodeIgniter->handleRequest(null, Object(Config\Cache), false)
 9 FCPATH\index.php(67): CodeIgniter\CodeIgniter->run()
10 SYSTEMPATH\Commands\Server\rewrite.php(47): require_once('FCPATH\\index.php')
CRITICAL - 2023-01-17 04:41:50 --> Trying to access array offset on value of type null
in APPPATH\Views\books\detail.php on line 9.
 1 APPPATH\Views\books\detail.php(9): CodeIgniter\Debug\Exceptions->errorHandler(8, 'Trying to access array offset on value of type null', 'APPPATH\\Views\\books\\detail.php', 9, [...])
 2 SYSTEMPATH\View\View.php(213): include('APPPATH\\Views\\books\\detail.php')
 3 SYSTEMPATH\View\View.php(216): CodeIgniter\View\View->CodeIgniter\View\{closure}()
 4 SYSTEMPATH\Common.php(1177): CodeIgniter\View\View->render('books/detail', [], true)
 5 APPPATH\Controllers\Books.php(45): view('books/detail', [...])
 6 SYSTEMPATH\CodeIgniter.php(934): App\Controllers\Books->detail('create')
 7 SYSTEMPATH\CodeIgniter.php(499): CodeIgniter\CodeIgniter->runController(Object(App\Controllers\Books))
 8 SYSTEMPATH\CodeIgniter.php(368): CodeIgniter\CodeIgniter->handleRequest(null, Object(Config\Cache), false)
 9 FCPATH\index.php(67): CodeIgniter\CodeIgniter->run()
10 SYSTEMPATH\Commands\Server\rewrite.php(47): require_once('FCPATH\\index.php')
CRITICAL - 2023-01-17 06:40:44 --> Trying to access array offset on value of type null
in APPPATH\Views\books\detail.php on line 9.
 1 APPPATH\Views\books\detail.php(9): CodeIgniter\Debug\Exceptions->errorHandler(8, 'Trying to access array offset on value of type null', 'APPPATH\\Views\\books\\detail.php', 9, [...])
 2 SYSTEMPATH\View\View.php(213): include('APPPATH\\Views\\books\\detail.php')
 3 SYSTEMPATH\View\View.php(216): CodeIgniter\View\View->CodeIgniter\View\{closure}()
 4 SYSTEMPATH\Common.php(1177): CodeIgniter\View\View->render('books/detail', [], true)
 5 APPPATH\Controllers\Books.php(45): view('books/detail', [...])
 6 SYSTEMPATH\CodeIgniter.php(934): App\Controllers\Books->detail('create')
 7 SYSTEMPATH\CodeIgniter.php(499): CodeIgniter\CodeIgniter->runController(Object(App\Controllers\Books))
 8 SYSTEMPATH\CodeIgniter.php(368): CodeIgniter\CodeIgniter->handleRequest(null, Object(Config\Cache), false)
 9 FCPATH\index.php(67): CodeIgniter\CodeIgniter->run()
10 SYSTEMPATH\Commands\Server\rewrite.php(47): require_once('FCPATH\\index.php')
INFO - 2023-01-17 06:55:27 --> REDIRECTED ROUTE at /home
INFO - 2023-01-17 06:55:53 --> REDIRECTED ROUTE at /books
CRITICAL - 2023-01-17 07:22:09 --> Call to undefined function CodeIgniter\Exceptions\PageNotFoundException()
in APPPATH\Controllers\Books.php on line 49.
 1 SYSTEMPATH\CodeIgniter.php(934): App\Controllers\Books->detail('negeri')
 2 SYSTEMPATH\CodeIgniter.php(499): CodeIgniter\CodeIgniter->runController(Object(App\Controllers\Books))
 3 SYSTEMPATH\CodeIgniter.php(368): CodeIgniter\CodeIgniter->handleRequest(null, Object(Config\Cache), false)
 4 FCPATH\index.php(67): CodeIgniter\CodeIgniter->run()
 5 SYSTEMPATH\Commands\Server\rewrite.php(47): require_once('FCPATH\\index.php')
INFO - 2023-01-17 08:01:05 --> Session: Class initialized using 'CodeIgniter\Session\Handlers\FileHandler' driver.
INFO - 2023-01-17 08:01:40 --> Session: Class initialized using 'CodeIgniter\Session\Handlers\FileHandler' driver.
INFO - 2023-01-17 08:01:40 --> Session: Class initialized using 'CodeIgniter\Session\Handlers\FileHandler' driver.
INFO - 2023-01-17 08:02:00 --> Session: Class initialized using 'CodeIgniter\Session\Handlers\FileHandler' driver.
INFO - 2023-01-17 08:03:06 --> Session: Class initialized using 'CodeIgniter\Session\Handlers\FileHandler' driver.
INFO - 2023-01-17 08:03:35 --> Session: Class initialized using 'CodeIgniter\Session\Handlers\FileHandler' driver.
INFO - 2023-01-17 08:03:35 --> Session: Class initialized using 'CodeIgniter\Session\Handlers\FileHandler' driver.
INFO - 2023-01-17 08:03:45 --> Session: Class initialized using 'CodeIgniter\Session\Handlers\FileHandler' driver.
INFO - 2023-01-17 08:03:48 --> Session: Class initialized using 'CodeIgniter\Session\Handlers\FileHandler' driver.
INFO - 2023-01-17 08:03:51 --> Session: Class initialized using 'CodeIgniter\Session\Handlers\FileHandler' driver.
